[2022-07-11T10:00:24.881] [INFO] default - E:/切片/瑞康/G21-0848.tron
[2022-07-11T10:00:25.037] [INFO] default - [
  {
    id: 'ecf1a202-c15d-44c7-b5d5-30ca969c78c3',
    icon: 'mdi-triangle',
    color: '#0071C0',
    tags: '',
    comments: '',
    creationTime: '2022-07-07T05:59:11.4221562Z',
    lastModificationTime: null,
    shapeType: 0
  },
  {
    id: '33b862d9-6030-42cf-ae46-eab8c21bc272',
    icon: 'mdi-triangle',
    color: '#0071C0',
    tags: '',
    comments: '',
    creationTime: '2022-07-07T05:59:19.703208Z',
    lastModificationTime: null,
    shapeType: 0
  },
  {
    id: 'c77c2f1b-410a-4db4-b62d-1e176a79dd47',
    icon: 'mdi-triangle',
    color: '#0071C0',
    tags: '',
    comments: '',
    creationTime: '2022-07-07T06:03:53.5186712Z',
    lastModificationTime: null,
    shapeType: 0
  }
]
[2022-07-11T10:00:48.578] [INFO] default - E:/切片/瑞康/G21-0848.tron
[2022-07-11T10:00:48.629] [INFO] default - [
  {
    id: 'ecf1a202-c15d-44c7-b5d5-30ca969c78c3',
    icon: 'mdi-triangle',
    color: '#0071C0',
    tags: '',
    comments: '',
    creationTime: '2022-07-07T05:59:11.4221562Z',
    lastModificationTime: null,
    shapeType: 0
  },
  {
    id: '33b862d9-6030-42cf-ae46-eab8c21bc272',
    icon: 'mdi-triangle',
    color: '#0071C0',
    tags: '',
    comments: '',
    creationTime: '2022-07-07T05:59:19.703208Z',
    lastModificationTime: null,
    shapeType: 0
  },
  {
    id: 'c77c2f1b-410a-4db4-b62d-1e176a79dd47',
    icon: 'mdi-triangle',
    color: '#0071C0',
    tags: '',
    comments: '',
    creationTime: '2022-07-07T06:03:53.5186712Z',
    lastModificationTime: null,
    shapeType: 0
  }
]
[2022-07-11T10:01:17.333] [ERROR] default - 用户不存在
[2022-07-11T10:03:18.948] [INFO] default - E:/切片/瑞康/G21-0848.tron
[2022-07-11T10:03:18.999] [INFO] default - [
  {
    id: 'ecf1a202-c15d-44c7-b5d5-30ca969c78c3',
    icon: 'mdi-triangle',
    color: '#0071C0',
    tags: '',
    comments: '',
    creationTime: '2022-07-07T05:59:11.4221562Z',
    lastModificationTime: null,
    shapeType: 0
  },
  {
    id: '33b862d9-6030-42cf-ae46-eab8c21bc272',
    icon: 'mdi-triangle',
    color: '#0071C0',
    tags: '',
    comments: '',
    creationTime: '2022-07-07T05:59:19.703208Z',
    lastModificationTime: null,
    shapeType: 0
  },
  {
    id: 'c77c2f1b-410a-4db4-b62d-1e176a79dd47',
    icon: 'mdi-triangle',
    color: '#0071C0',
    tags: '',
    comments: '',
    creationTime: '2022-07-07T06:03:53.5186712Z',
    lastModificationTime: null,
    shapeType: 0
  }
]
[2022-07-11T10:03:25.618] [ERROR] default - 用户不存在  userName:undefined
[2022-07-11T10:07:11.546] [INFO] default - E:/切片/瑞康/G21-0848.tron
[2022-07-11T10:07:11.591] [INFO] default - [
  {
    id: 'ecf1a202-c15d-44c7-b5d5-30ca969c78c3',
    icon: 'mdi-triangle',
    color: '#0071C0',
    tags: '',
    comments: '',
    creationTime: '2022-07-07T05:59:11.4221562Z',
    lastModificationTime: null,
    shapeType: 0
  },
  {
    id: '33b862d9-6030-42cf-ae46-eab8c21bc272',
    icon: 'mdi-triangle',
    color: '#0071C0',
    tags: '',
    comments: '',
    creationTime: '2022-07-07T05:59:19.703208Z',
    lastModificationTime: null,
    shapeType: 0
  },
  {
    id: 'c77c2f1b-410a-4db4-b62d-1e176a79dd47',
    icon: 'mdi-triangle',
    color: '#0071C0',
    tags: '',
    comments: '',
    creationTime: '2022-07-07T06:03:53.5186712Z',
    lastModificationTime: null,
    shapeType: 0
  }
]
[2022-07-11T10:07:17.017] [ERROR] default - 用户不存在  userID:undefined
[2022-07-11T10:10:04.650] [INFO] default - E:/切片/瑞康/G21-0848.tron
[2022-07-11T10:10:04.703] [INFO] default - [
  {
    id: 'ecf1a202-c15d-44c7-b5d5-30ca969c78c3',
    icon: 'mdi-triangle',
    color: '#0071C0',
    tags: '',
    comments: '',
    creationTime: '2022-07-07T05:59:11.4221562Z',
    lastModificationTime: null,
    shapeType: 0
  },
  {
    id: '33b862d9-6030-42cf-ae46-eab8c21bc272',
    icon: 'mdi-triangle',
    color: '#0071C0',
    tags: '',
    comments: '',
    creationTime: '2022-07-07T05:59:19.703208Z',
    lastModificationTime: null,
    shapeType: 0
  },
  {
    id: 'c77c2f1b-410a-4db4-b62d-1e176a79dd47',
    icon: 'mdi-triangle',
    color: '#0071C0',
    tags: '',
    comments: '',
    creationTime: '2022-07-07T06:03:53.5186712Z',
    lastModificationTime: null,
    shapeType: 0
  }
]
[2022-07-11T10:10:10.334] [ERROR] default - 用户不存在  userName:专家2
[2022-07-11T10:10:45.279] [INFO] default - E:/切片/瑞康/G21-0848.tron
[2022-07-11T10:10:45.326] [INFO] default - [
  {
    id: 'ecf1a202-c15d-44c7-b5d5-30ca969c78c3',
    icon: 'mdi-triangle',
    color: '#0071C0',
    tags: '',
    comments: '',
    creationTime: '2022-07-07T05:59:11.4221562Z',
    lastModificationTime: null,
    shapeType: 0
  },
  {
    id: '33b862d9-6030-42cf-ae46-eab8c21bc272',
    icon: 'mdi-triangle',
    color: '#0071C0',
    tags: '',
    comments: '',
    creationTime: '2022-07-07T05:59:19.703208Z',
    lastModificationTime: null,
    shapeType: 0
  },
  {
    id: 'c77c2f1b-410a-4db4-b62d-1e176a79dd47',
    icon: 'mdi-triangle',
    color: '#0071C0',
    tags: '',
    comments: '',
    creationTime: '2022-07-07T06:03:53.5186712Z',
    lastModificationTime: null,
    shapeType: 0
  }
]
[2022-07-11T10:10:59.508] [INFO] default - pdf生成成功,path:E:\ReportSystem_Demo/upload/report/report_3.pdf
[2022-07-11T10:14:00.078] [INFO] default - E:/切片/瑞康/20211129-1845-1-2.tron
[2022-07-11T10:14:00.140] [INFO] default - [
  {
    id: '7a82bbd4-fc62-4bd1-8eb5-a8f22d3e7e8c',
    icon: 'mdi-triangle',
    color: '#0071C0',
    tags: '',
    comments: '213',
    creationTime: '2022-06-01T06:21:20.5023309Z',
    lastModificationTime: null,
    shapeType: 0
  },
  {
    id: 'c15221cf-2811-4d30-85f9-5388c7616c45',
    icon: 'mdi-rhombus',
    color: '#FF1493',
    tags: 'ASC-H',
    comments: '321',
    creationTime: '2022-06-02T07:04:39.1880992Z',
    lastModificationTime: null,
    shapeType: 0
  }
]
[2022-07-11T10:15:52.540] [INFO] default - E:/切片/瑞康/20211129-1845-1-2.tron
[2022-07-11T10:15:52.578] [INFO] default - [
  {
    id: '7a82bbd4-fc62-4bd1-8eb5-a8f22d3e7e8c',
    icon: 'mdi-triangle',
    color: '#0071C0',
    tags: '',
    comments: '213',
    creationTime: '2022-06-01T06:21:20.5023309Z',
    lastModificationTime: null,
    shapeType: 0
  },
  {
    id: 'c15221cf-2811-4d30-85f9-5388c7616c45',
    icon: 'mdi-rhombus',
    color: '#FF1493',
    tags: 'ASC-H',
    comments: '321',
    creationTime: '2022-06-02T07:04:39.1880992Z',
    lastModificationTime: null,
    shapeType: 0
  }
]
[2022-07-11T10:16:30.663] [INFO] default - E:/切片/瑞康/20211129-1845-1-2.tron
[2022-07-11T10:16:30.712] [INFO] default - [
  {
    id: '7a82bbd4-fc62-4bd1-8eb5-a8f22d3e7e8c',
    icon: 'mdi-triangle',
    color: '#0071C0',
    tags: '',
    comments: '213',
    creationTime: '2022-06-01T06:21:20.5023309Z',
    lastModificationTime: null,
    shapeType: 0
  },
  {
    id: 'c15221cf-2811-4d30-85f9-5388c7616c45',
    icon: 'mdi-rhombus',
    color: '#FF1493',
    tags: 'ASC-H',
    comments: '321',
    creationTime: '2022-06-02T07:04:39.1880992Z',
    lastModificationTime: null,
    shapeType: 0
  }
]
[2022-07-11T10:17:03.341] [INFO] default - E:/切片/瑞康/20211129-1845-1-2.tron
[2022-07-11T10:17:03.395] [INFO] default - [
  {
    id: '7a82bbd4-fc62-4bd1-8eb5-a8f22d3e7e8c',
    icon: 'mdi-triangle',
    color: '#0071C0',
    tags: '',
    comments: '213',
    creationTime: '2022-06-01T06:21:20.5023309Z',
    lastModificationTime: null,
    shapeType: 0
  },
  {
    id: 'c15221cf-2811-4d30-85f9-5388c7616c45',
    icon: 'mdi-rhombus',
    color: '#FF1493',
    tags: 'ASC-H',
    comments: '321',
    creationTime: '2022-06-02T07:04:39.1880992Z',
    lastModificationTime: null,
    shapeType: 0
  }
]
[2022-07-11T10:17:12.325] [INFO] default - pdf生成成功,path:E:\ReportSystem_Demo/upload/report/report_2.pdf
[2022-07-11T10:23:59.234] [INFO] default - E:/切片/瑞康/20211129-1845-1-2.tron
[2022-07-11T10:23:59.287] [INFO] default - [
  {
    id: '7a82bbd4-fc62-4bd1-8eb5-a8f22d3e7e8c',
    icon: 'mdi-triangle',
    color: '#0071C0',
    tags: '',
    comments: '213',
    creationTime: '2022-06-01T06:21:20.5023309Z',
    lastModificationTime: null,
    shapeType: 0
  },
  {
    id: 'c15221cf-2811-4d30-85f9-5388c7616c45',
    icon: 'mdi-rhombus',
    color: '#FF1493',
    tags: 'ASC-H',
    comments: '321',
    creationTime: '2022-06-02T07:04:39.1880992Z',
    lastModificationTime: null,
    shapeType: 0
  }
]
[2022-07-11T10:24:07.262] [INFO] default - pdf生成成功,path:E:\ReportSystem_Demo/upload/report/report_2.pdf
