2022-06-24 10:13 +08:00: Error: bind EADDRINUSE null:9000
    at listenOnMasterHandle (net.js:1383:18)
    at shared (internal/cluster/child.js:126:3)
    at Worker.<anonymous> (internal/cluster/child.js:97:7)
    at process.onInternalMessage (internal/cluster/utils.js:47:8)
    at process.emit (events.js:326:22)
    at emit (internal/child_process.js:877:12)
    at processTicksAndRejections (internal/process/task_queues.js:85:21) {
  errno: 'EADDRINUSE',
  code: 'EADDRINUSE',
  syscall: 'bind',
  address: null,
  port: 9000
}
2022-06-24 10:13 +08:00: Error: bind EADDRINUSE null:9000
    at listenOnMasterHandle (net.js:1383:18)
    at shared (internal/cluster/child.js:126:3)
    at Worker.<anonymous> (internal/cluster/child.js:97:7)
    at process.onInternalMessage (internal/cluster/utils.js:47:8)
    at process.emit (events.js:326:22)
    at emit (internal/child_process.js:877:12)
    at processTicksAndRejections (internal/process/task_queues.js:85:21)
2022-06-24 10:14 +08:00: Error: bind EADDRINUSE null:9000
    at listenOnMasterHandle (net.js:1383:18)
    at shared (internal/cluster/child.js:126:3)
    at Worker.<anonymous> (internal/cluster/child.js:97:7)
    at process.onInternalMessage (internal/cluster/utils.js:47:8)
    at process.emit (events.js:326:22)
    at emit (internal/child_process.js:877:12)
    at processTicksAndRejections (internal/process/task_queues.js:85:21) {
  errno: 'EADDRINUSE',
  code: 'EADDRINUSE',
  syscall: 'bind',
  address: null,
  port: 9000
}
2022-06-24 10:14 +08:00: Error: bind EADDRINUSE null:9000
    at listenOnMasterHandle (net.js:1383:18)
    at shared (internal/cluster/child.js:126:3)
    at Worker.<anonymous> (internal/cluster/child.js:97:7)
    at process.onInternalMessage (internal/cluster/utils.js:47:8)
    at process.emit (events.js:326:22)
    at emit (internal/child_process.js:877:12)
    at processTicksAndRejections (internal/process/task_queues.js:85:21)
2022-06-24 10:16 +08:00: the server is started!!!
2022-06-24 10:23 +08:00: the server is started!!!
2022-06-24 10:27 +08:00: the server is started!!!
